  [1m[35m (1.9ms)[0m  [1m[34mSELECT sqlite_version(*)[0m
  [1m[35m (3.0ms)[0m  [1m[35mCREATE TABLE "schema_migrations" ("version" varchar NOT NULL PRIMARY KEY)[0m
  [1m[35m (2.6ms)[0m  [1m[35mCREATE TABLE "ar_internal_metadata" ("key" varchar NOT NULL PRIMARY KEY, "value" varchar, "created_at" datetime(6) NOT NULL, "updated_at" datetime(6) NOT NULL)[0m
  [1m[36mActiveRecord::InternalMetadata Load (0.5ms)[0m  [1m[34mSELECT "ar_internal_metadata".* FROM "ar_internal_metadata" WHERE "ar_internal_metadata"."key" = ? LIMIT ?[0m  [["key", "environment"], ["LIMIT", 1]]
  [1m[35m (0.2ms)[0m  [1m[36mbegin transaction[0m
  [1m[36mActiveRecord::InternalMetadata Create (1.2ms)[0m  [1m[32mINSERT INTO "ar_internal_metadata" ("key", "value", "created_at", "updated_at") VALUES (?, ?, ?, ?)[0m  [["key", "environment"], ["value", "development"], ["created_at", "2020-09-09 02:15:12.262837"], ["updated_at", "2020-09-09 02:15:12.262837"]]
  [1m[35m (1.5ms)[0m  [1m[36mcommit transaction[0m
  [1m[35m (0.1ms)[0m  [1m[34mSELECT sqlite_version(*)[0m
  [1m[35m (0.3ms)[0m  [1m[34mSELECT "schema_migrations"."version" FROM "schema_migrations" ORDER BY "schema_migrations"."version" ASC[0m
Started GET "/" for ::1 at 2020-09-09 21:46:30 -0400
  [1m[35m (1.4ms)[0m  [1m[34mSELECT sqlite_version(*)[0m
Processing by ApplicationController#hello as HTML
Completed 500 Internal Server Error in 11ms (ActiveRecord: 0.0ms | Allocations: 2481)


  
ActionView::MissingTemplate (Missing template application/hello with {:locale=>[:en], :formats=>[:html], :variants=>[], :handlers=>[:raw, :erb, :html, :builder, :ruby, :jbuilder]}. Searched in:
  * "/Users/kexin/Sites/ROR-Site/mySite/sample_app/app/views"
  * "/Users/kexin/.rvm/gems/ruby-2.6.1/gems/actiontext-6.0.3.2/app/views"
  * "/Users/kexin/.rvm/gems/ruby-2.6.1/gems/actionmailbox-6.0.3.2/app/views"
):
  
app/controllers/application_controller.rb:3:in `hello'
Started GET "/" for ::1 at 2020-09-09 21:47:43 -0400
  [1m[35m (0.1ms)[0m  [1m[34mSELECT sqlite_version(*)[0m
  
AbstractController::ActionNotFound (The action 'hello' could not be found for ApplicationController):
  
actionpack (6.0.3.2) lib/abstract_controller/base.rb:131:in `process'
actionview (6.0.3.2) lib/action_view/rendering.rb:39:in `process'
actionpack (6.0.3.2) lib/action_controller/metal.rb:190:in `dispatch'
actionpack (6.0.3.2) lib/action_controller/metal.rb:254:in `dispatch'
actionpack (6.0.3.2) lib/action_dispatch/routing/route_set.rb:50:in `dispatch'
actionpack (6.0.3.2) lib/action_dispatch/routing/route_set.rb:33:in `serve'
actionpack (6.0.3.2) lib/action_dispatch/journey/router.rb:49:in `block in serve'
actionpack (6.0.3.2) lib/action_dispatch/journey/router.rb:32:in `each'
actionpack (6.0.3.2) lib/action_dispatch/journey/router.rb:32:in `serve'
actionpack (6.0.3.2) lib/action_dispatch/routing/route_set.rb:834:in `call'
rack (2.2.3) lib/rack/tempfile_reaper.rb:15:in `call'
rack (2.2.3) lib/rack/etag.rb:27:in `call'
rack (2.2.3) lib/rack/conditional_get.rb:27:in `call'
rack (2.2.3) lib/rack/head.rb:12:in `call'
actionpack (6.0.3.2) lib/action_dispatch/http/content_security_policy.rb:18:in `call'
rack (2.2.3) lib/rack/session/abstract/id.rb:266:in `context'
rack (2.2.3) lib/rack/session/abstract/id.rb:260:in `call'
actionpack (6.0.3.2) lib/action_dispatch/middleware/cookies.rb:648:in `call'
activerecord (6.0.3.2) lib/active_record/migration.rb:567:in `call'
actionpack (6.0.3.2) lib/action_dispatch/middleware/callbacks.rb:27:in `block in call'
activesupport (6.0.3.2) lib/active_support/callbacks.rb:101:in `run_callbacks'
actionpack (6.0.3.2) lib/action_dispatch/middleware/callbacks.rb:26:in `call'
actionpack (6.0.3.2) lib/action_dispatch/middleware/executor.rb:14:in `call'
actionpack (6.0.3.2) lib/action_dispatch/middleware/actionable_exceptions.rb:17:in `call'
actionpack (6.0.3.2) lib/action_dispatch/middleware/debug_exceptions.rb:32:in `call'
web-console (4.0.4) lib/web_console/middleware.rb:132:in `call_app'
web-console (4.0.4) lib/web_console/middleware.rb:28:in `block in call'
web-console (4.0.4) lib/web_console/middleware.rb:17:in `catch'
web-console (4.0.4) lib/web_console/middleware.rb:17:in `call'
actionpack (6.0.3.2) lib/action_dispatch/middleware/show_exceptions.rb:33:in `call'
railties (6.0.3.2) lib/rails/rack/logger.rb:37:in `call_app'
railties (6.0.3.2) lib/rails/rack/logger.rb:26:in `block in call'
activesupport (6.0.3.2) lib/active_support/tagged_logging.rb:80:in `block in tagged'
activesupport (6.0.3.2) lib/active_support/tagged_logging.rb:28:in `tagged'
activesupport (6.0.3.2) lib/active_support/tagged_logging.rb:80:in `tagged'
railties (6.0.3.2) lib/rails/rack/logger.rb:26:in `call'
sprockets-rails (3.2.1) lib/sprockets/rails/quiet_assets.rb:13:in `call'
actionpack (6.0.3.2) lib/action_dispatch/middleware/remote_ip.rb:81:in `call'
actionpack (6.0.3.2) lib/action_dispatch/middleware/request_id.rb:27:in `call'
rack (2.2.3) lib/rack/method_override.rb:24:in `call'
rack (2.2.3) lib/rack/runtime.rb:22:in `call'
activesupport (6.0.3.2) lib/active_support/cache/strategy/local_cache_middleware.rb:29:in `call'
actionpack (6.0.3.2) lib/action_dispatch/middleware/executor.rb:14:in `call'
actionpack (6.0.3.2) lib/action_dispatch/middleware/static.rb:126:in `call'
rack (2.2.3) lib/rack/sendfile.rb:110:in `call'
actionpack (6.0.3.2) lib/action_dispatch/middleware/host_authorization.rb:82:in `call'
webpacker (4.3.0) lib/webpacker/dev_server_proxy.rb:23:in `perform_request'
rack-proxy (0.6.5) lib/rack/proxy.rb:57:in `call'
railties (6.0.3.2) lib/rails/engine.rb:527:in `call'
puma (4.3.6) lib/puma/configuration.rb:228:in `call'
puma (4.3.6) lib/puma/server.rb:713:in `handle_request'
puma (4.3.6) lib/puma/server.rb:472:in `process_client'
puma (4.3.6) lib/puma/server.rb:328:in `block in run'
puma (4.3.6) lib/puma/thread_pool.rb:134:in `block in spawn_thread'
Started GET "/" for ::1 at 2020-09-09 21:47:58 -0400
  [1m[35m (0.1ms)[0m  [1m[34mSELECT sqlite_version(*)[0m
Processing by ApplicationController#hello as HTML
Completed 500 Internal Server Error in 1ms (ActiveRecord: 0.0ms | Allocations: 1221)


  
ActionView::MissingTemplate (Missing template application/hello with {:locale=>[:en], :formats=>[:html], :variants=>[], :handlers=>[:raw, :erb, :html, :builder, :ruby, :jbuilder]}. Searched in:
  * "/Users/kexin/Sites/ROR-Site/mySite/sample_app/app/views"
  * "/Users/kexin/.rvm/gems/ruby-2.6.1/gems/actiontext-6.0.3.2/app/views"
  * "/Users/kexin/.rvm/gems/ruby-2.6.1/gems/actionmailbox-6.0.3.2/app/views"
):
  
app/controllers/application_controller.rb:3:in `hello'
Started GET "/" for ::1 at 2020-09-09 21:51:28 -0400
  [1m[35m (0.1ms)[0m  [1m[34mSELECT sqlite_version(*)[0m
Processing by StaticPagesController#home as HTML
  Rendering static_pages/home.html.erb within layouts/application
  Rendered static_pages/home.html.erb within layouts/application (Duration: 0.4ms | Allocations: 85)
[Webpacker] Compiling...
[Webpacker] Compiled all packs in /Users/kexin/Sites/ROR-Site/mySite/sample_app/public/packs
[Webpacker] Hash: 15d1bb7b54cf6326b9ba
Version: webpack 4.44.1
Time: 751ms
Built at: 09/09/2020 9:51:31 PM
                                     Asset       Size       Chunks                         Chunk Names
    js/application-9afcbb5693aa87623e69.js    124 KiB  application  [emitted] [immutable]  application
js/application-9afcbb5693aa87623e69.js.map    139 KiB  application  [emitted] [dev]        application
                             manifest.json  364 bytes               [emitted]              
Entrypoint application = js/application-9afcbb5693aa87623e69.js js/application-9afcbb5693aa87623e69.js.map
[./app/javascript/channels sync recursive _channel\.js$] ./app/javascript/channels sync _channel\.js$ 160 bytes {application} [built]
[./app/javascript/channels/index.js] 211 bytes {application} [built]
[./app/javascript/packs/application.js] 749 bytes {application} [built]
[./node_modules/webpack/buildin/module.js] (webpack)/buildin/module.js 552 bytes {application} [built]
    + 3 hidden modules

Completed 200 OK in 2920ms (Views: 2918.8ms | ActiveRecord: 0.0ms | Allocations: 17944)


Started GET "/" for ::1 at 2020-09-09 22:15:22 -0400
  [1m[35m (0.1ms)[0m  [1m[34mSELECT sqlite_version(*)[0m
Processing by StaticPagesController#home as HTML
  Rendering static_pages/home.html.erb
  Rendered static_pages/home.html.erb (Duration: 0.3ms | Allocations: 99)
Completed 200 OK in 4ms (Views: 2.8ms | ActiveRecord: 0.0ms | Allocations: 1775)


Started GET "/" for ::1 at 2020-09-09 22:15:23 -0400
Processing by StaticPagesController#home as HTML
  Rendering static_pages/home.html.erb
  Rendered static_pages/home.html.erb (Duration: 0.0ms | Allocations: 4)
Completed 200 OK in 1ms (Views: 0.4ms | ActiveRecord: 0.0ms | Allocations: 513)


Started GET "/" for ::1 at 2020-09-09 22:20:07 -0400
Processing by StaticPagesController#home as HTML
  Rendering static_pages/home.html.erb
  Rendered static_pages/home.html.erb (Duration: 1.7ms | Allocations: 1037)
Completed 500 Internal Server Error in 5ms (ActiveRecord: 0.0ms | Allocations: 2673)


  
ActionView::SyntaxErrorInTemplate (Encountered a syntax error while rendering template: check <!DOCTYPE html>
<% provide (:title, "Home") %>
<html lang="en" dir="ltr">
  <head>
    <meta charset="utf-8">
    <title><%= yield(:title) %> | Ruby on Rails Sample Apple</title>
  </head>
  <body>
    <h1>StaticPages#home</h1>
    <p>Find me in app/views/static_pages/home.html.erb</p>
  </body>
</html>

):
1:    <!DOCTYPE html>
2:    <% provide (:title, "Home") %>
3:    <html lang="en" dir="ltr">
4:      <head>
5:        <meta charset="utf-8">
6:        <title><%= yield(:title) %> | Ruby on Rails Sample Apple</title>
7:      </head>
8:      <body>
9:        <h1>StaticPages#home</h1>
10:        <p>Find me in app/views/static_pages/home.html.erb</p>
11:      </body>
12:    </html>
  
app/views/static_pages/home.html.erb:2: syntax error, unexpected ',', expecting ')'
app/views/static_pages/home.html.erb:2: syntax error, unexpected ')', expecting end
app/views/static_pages/home.html.erb:2: syntax error, unexpected ',', expecting ')'
app/views/static_pages/home.html.erb:2: syntax error, unexpected ')', expecting end
app/views/static_pages/home.html.erb:2: syntax error, unexpected ',', expecting ')'
app/views/static_pages/home.html.erb:2: syntax error, unexpected ')', expecting end
app/views/static_pages/home.html.erb:2: syntax error, unexpected ',', expecting ')'
app/views/static_pages/home.html.erb:2: syntax error, unexpected ')', expecting end
app/views/static_pages/home.html.erb:2: syntax error, unexpected ',', expecting ')'
app/views/static_pages/home.html.erb:2: syntax error, unexpected ')', expecting end
app/views/static_pages/home.html.erb:2: syntax error, unexpected ',', expecting ')'
app/views/static_pages/home.html.erb:2: syntax error, unexpected ')', expecting end
Started GET "/" for ::1 at 2020-09-09 22:20:24 -0400
Processing by StaticPagesController#home as HTML
  Rendering static_pages/home.html.erb
  Rendered static_pages/home.html.erb (Duration: 0.6ms | Allocations: 1036)
Completed 500 Internal Server Error in 4ms (ActiveRecord: 0.0ms | Allocations: 2679)


  
ActionView::SyntaxErrorInTemplate (Encountered a syntax error while rendering template: check 
<% provide (:title, "Home") %>
<!DOCTYPE html>
<html lang="en" dir="ltr">
  <head>
    <meta charset="utf-8">
    <title><%= yield(:title) %> | Ruby on Rails Sample Apple</title>
  </head>
  <body>
    <h1>StaticPages#home</h1>
    <p>Find me in app/views/static_pages/home.html.erb</p>
  </body>
</html>

):
1:    
2:    <% provide (:title, "Home") %>
3:    <!DOCTYPE html>
4:    <html lang="en" dir="ltr">
5:      <head>
6:        <meta charset="utf-8">
7:        <title><%= yield(:title) %> | Ruby on Rails Sample Apple</title>
8:      </head>
9:      <body>
10:        <h1>StaticPages#home</h1>
11:        <p>Find me in app/views/static_pages/home.html.erb</p>
12:      </body>
13:    </html>
  
app/views/static_pages/home.html.erb:2: syntax error, unexpected ',', expecting ')'
app/views/static_pages/home.html.erb:2: syntax error, unexpected ')', expecting end
app/views/static_pages/home.html.erb:2: syntax error, unexpected ',', expecting ')'
app/views/static_pages/home.html.erb:2: syntax error, unexpected ')', expecting end
app/views/static_pages/home.html.erb:2: syntax error, unexpected ',', expecting ')'
app/views/static_pages/home.html.erb:2: syntax error, unexpected ')', expecting end
app/views/static_pages/home.html.erb:2: syntax error, unexpected ',', expecting ')'
app/views/static_pages/home.html.erb:2: syntax error, unexpected ')', expecting end
app/views/static_pages/home.html.erb:2: syntax error, unexpected ',', expecting ')'
app/views/static_pages/home.html.erb:2: syntax error, unexpected ')', expecting end
app/views/static_pages/home.html.erb:2: syntax error, unexpected ',', expecting ')'
app/views/static_pages/home.html.erb:2: syntax error, unexpected ')', expecting end
Started GET "/" for ::1 at 2020-09-09 22:21:10 -0400
Processing by StaticPagesController#home as HTML
  Rendering static_pages/home.html.erb
  Rendered static_pages/home.html.erb (Duration: 0.6ms | Allocations: 1036)
Completed 500 Internal Server Error in 4ms (ActiveRecord: 0.0ms | Allocations: 2679)


  
ActionView::SyntaxErrorInTemplate (Encountered a syntax error while rendering template: check 
<% provide (:title, "Home") %>
<!DOCTYPE html>
<html lang="en" dir="ltr">
  <head>
    <meta charset="utf-8">
    <title><%= yield(:title) %> | Ruby on Rails Sample Apple</title>
  </head>
  <body>
    <h1>StaticPages#home</h1>
    <p>Find me in app/views/static_pages/home.html.erb</p>
  </body>
</html>

):
1:    
2:    <% provide (:title, "Home") %>
3:    <!DOCTYPE html>
4:    <html lang="en" dir="ltr">
5:      <head>
6:        <meta charset="utf-8">
7:        <title><%= yield(:title) %> | Ruby on Rails Sample Apple</title>
8:      </head>
9:      <body>
10:        <h1>StaticPages#home</h1>
11:        <p>Find me in app/views/static_pages/home.html.erb</p>
12:      </body>
13:    </html>
  
app/views/static_pages/home.html.erb:2: syntax error, unexpected ',', expecting ')'
app/views/static_pages/home.html.erb:2: syntax error, unexpected ')', expecting end
app/views/static_pages/home.html.erb:2: syntax error, unexpected ',', expecting ')'
app/views/static_pages/home.html.erb:2: syntax error, unexpected ')', expecting end
app/views/static_pages/home.html.erb:2: syntax error, unexpected ',', expecting ')'
app/views/static_pages/home.html.erb:2: syntax error, unexpected ')', expecting end
app/views/static_pages/home.html.erb:2: syntax error, unexpected ',', expecting ')'
app/views/static_pages/home.html.erb:2: syntax error, unexpected ')', expecting end
app/views/static_pages/home.html.erb:2: syntax error, unexpected ',', expecting ')'
app/views/static_pages/home.html.erb:2: syntax error, unexpected ')', expecting end
app/views/static_pages/home.html.erb:2: syntax error, unexpected ',', expecting ')'
app/views/static_pages/home.html.erb:2: syntax error, unexpected ')', expecting end
Started GET "/" for ::1 at 2020-09-09 22:21:24 -0400
Processing by StaticPagesController#home as HTML
  Rendering static_pages/home.html.erb
  Rendered static_pages/home.html.erb (Duration: 0.4ms | Allocations: 139)
Completed 200 OK in 4ms (Views: 2.7ms | ActiveRecord: 0.0ms | Allocations: 1799)


Started GET "/" for ::1 at 2020-09-11 16:12:12 -0400
  [1m[35m (0.7ms)[0m  [1m[34mSELECT sqlite_version(*)[0m
Processing by StaticPagesController#home as HTML
  Rendering static_pages/home.html.erb
  Rendered static_pages/home.html.erb (Duration: 1.0ms | Allocations: 266)
Completed 200 OK in 12ms (Views: 6.5ms | ActiveRecord: 0.0ms | Allocations: 2779)


